2015-11-16 12:03:27,166 [Dummy-1:9964] [django.db.backends:89] [utils:execute] [DEBUG]- (0.001) SET SQL_AUTO_IS_NULL = 0; args=None
2015-11-16 12:03:27,190 [Dummy-1:9964] [django.db.backends:89] [utils:execute] [DEBUG]- (0.000) SET SQL_AUTO_IS_NULL = 0; args=None
2015-11-16 12:03:27,192 [Dummy-1:9964] [django.db.backends:89] [utils:execute] [DEBUG]- (0.001) SHOW FULL TABLES; args=None
2015-11-16 12:03:27,193 [Dummy-1:9964] [django.db.backends.schema:102] [schema:execute] [DEBUG]- CREATE TABLE `django_migrations` (`id` integer AUTO_INCREMENT NOT NULL PRIMARY KEY, `app` varchar(255) NOT NULL, `name` varchar(255) NOT NULL, `applied` datetime NOT NULL); (params None)
2015-11-16 12:03:27,407 [Dummy-1:9964] [django.db.backends:89] [utils:execute] [DEBUG]- (0.214) CREATE TABLE `django_migrations` (`id` integer AUTO_INCREMENT NOT NULL PRIMARY KEY, `app` varchar(255) NOT NULL, `name` varchar(255) NOT NULL, `applied` datetime NOT NULL); args=None
2015-11-16 12:03:27,408 [Dummy-1:9964] [django.db.backends:89] [utils:execute] [DEBUG]- (0.001) SELECT engine FROM information_schema.tables WHERE table_name = 'django_migrations'; args=['django_migrations']
2015-11-16 12:03:27,412 [Dummy-1:9964] [django.db.backends:89] [utils:execute] [DEBUG]- (0.001) SELECT `django_migrations`.`app`, `django_migrations`.`name` FROM `django_migrations`; args=()
2015-11-16 14:26:47,448 [MainThread:140326897805056] [django.db.backends:89] [utils:execute] [DEBUG]- (0.000) SET SQL_AUTO_IS_NULL = 0; args=None
2015-11-16 14:26:47,457 [MainThread:140326897805056] [django.db.backends:89] [utils:execute] [DEBUG]- (0.000) SET SQL_AUTO_IS_NULL = 0; args=None
2015-11-16 14:26:47,457 [MainThread:140326897805056] [django.db.backends:89] [utils:execute] [DEBUG]- (0.001) SHOW FULL TABLES; args=None
2015-11-16 14:26:47,459 [MainThread:140326897805056] [django.db.backends:89] [utils:execute] [DEBUG]- (0.000) SELECT `django_migrations`.`app`, `django_migrations`.`name` FROM `django_migrations`; args=()
2015-11-16 14:26:47,460 [MainThread:140326897805056] [django.db.backends:89] [utils:execute] [DEBUG]- (0.001) SHOW FULL TABLES; args=None
2015-11-16 14:26:47,472 [MainThread:140326897805056] [django.db.backends:89] [utils:execute] [DEBUG]- (0.000) SET foreign_key_checks=0; args=None
2015-11-16 14:26:47,473 [MainThread:140326897805056] [django.db.backends:89] [utils:execute] [DEBUG]- (0.000) SET foreign_key_checks=1; args=None
2015-11-16 14:26:47,474 [MainThread:140326897805056] [django.db.backends:89] [utils:execute] [DEBUG]- (0.000) SET SQL_AUTO_IS_NULL = 0; args=None
2015-11-16 14:26:47,475 [MainThread:140326897805056] [django.db.backends:89] [utils:execute] [DEBUG]- (0.000) SET foreign_key_checks=0; args=None
2015-11-16 14:26:47,475 [MainThread:140326897805056] [django.db.backends:89] [utils:execute] [DEBUG]- (0.000) SET foreign_key_checks=1; args=None
2015-11-16 14:26:47,570 [MainThread:140326897805056] [django.db.backends.schema:102] [schema:execute] [DEBUG]- CREATE TABLE `django_content_type` (`id` integer AUTO_INCREMENT NOT NULL PRIMARY KEY, `name` varchar(100) NOT NULL, `app_label` varchar(100) NOT NULL, `model` varchar(100) NOT NULL); (params None)
2015-11-16 14:26:47,571 [MainThread:140326897805056] [django.db.backends:89] [utils:execute] [DEBUG]- (0.000) SET SQL_AUTO_IS_NULL = 0; args=None
2015-11-16 14:26:47,782 [MainThread:140326897805056] [django.db.backends:89] [utils:execute] [DEBUG]- (0.211) CREATE TABLE `django_content_type` (`id` integer AUTO_INCREMENT NOT NULL PRIMARY KEY, `name` varchar(100) NOT NULL, `app_label` varchar(100) NOT NULL, `model` varchar(100) NOT NULL); args=None
2015-11-16 14:26:47,783 [MainThread:140326897805056] [django.db.backends:89] [utils:execute] [DEBUG]- (0.000) SELECT engine FROM information_schema.tables WHERE table_name = 'django_content_type'; args=['django_content_type']
2015-11-16 14:26:47,784 [MainThread:140326897805056] [django.db.backends.schema:102] [schema:execute] [DEBUG]- ALTER TABLE `django_content_type` ADD CONSTRAINT `django_content_type_app_label_5bf69ad33e29400e_uniq` UNIQUE (`app_label`, `model`); (params [])
2015-11-16 14:26:47,969 [MainThread:140326897805056] [django.db.backends:89] [utils:execute] [DEBUG]- (0.184) ALTER TABLE `django_content_type` ADD CONSTRAINT `django_content_type_app_label_5bf69ad33e29400e_uniq` UNIQUE (`app_label`, `model`); args=[]
2015-11-16 14:26:47,969 [MainThread:140326897805056] [django.db.backends:89] [utils:execute] [DEBUG]- (0.001) SHOW FULL TABLES; args=None
2015-11-16 14:26:47,970 [MainThread:140326897805056] [django.db.backends:89] [utils:execute] [DEBUG]- (0.000) INSERT INTO `django_migrations` (`app`, `name`, `applied`) VALUES ('contenttypes', '0001_initial', '2015-11-16 06:26:47'); args=['contenttypes', '0001_initial', '2015-11-16 06:26:47']
2015-11-16 14:26:47,996 [MainThread:140326897805056] [django.db.backends.schema:102] [schema:execute] [DEBUG]- CREATE TABLE `auth_permission` (`id` integer AUTO_INCREMENT NOT NULL PRIMARY KEY, `name` varchar(50) NOT NULL, `content_type_id` integer NOT NULL, `codename` varchar(100) NOT NULL, UNIQUE (`content_type_id`, `codename`)); (params None)
2015-11-16 14:26:48,205 [MainThread:140326897805056] [django.db.backends:89] [utils:execute] [DEBUG]- (0.209) CREATE TABLE `auth_permission` (`id` integer AUTO_INCREMENT NOT NULL PRIMARY KEY, `name` varchar(50) NOT NULL, `content_type_id` integer NOT NULL, `codename` varchar(100) NOT NULL, UNIQUE (`content_type_id`, `codename`)); args=None
2015-11-16 14:26:48,206 [MainThread:140326897805056] [django.db.backends:89] [utils:execute] [DEBUG]- (0.000) SELECT engine FROM information_schema.tables WHERE table_name = 'auth_permission'; args=['auth_permission']
2015-11-16 14:26:48,209 [MainThread:140326897805056] [django.db.backends.schema:102] [schema:execute] [DEBUG]- CREATE TABLE `auth_group` (`id` integer AUTO_INCREMENT NOT NULL PRIMARY KEY, `name` varchar(80) NOT NULL UNIQUE); (params None)
2015-11-16 14:26:48,475 [MainThread:140326897805056] [django.db.backends:89] [utils:execute] [DEBUG]- (0.266) CREATE TABLE `auth_group` (`id` integer AUTO_INCREMENT NOT NULL PRIMARY KEY, `name` varchar(80) NOT NULL UNIQUE); args=None
2015-11-16 14:26:48,476 [MainThread:140326897805056] [django.db.backends:89] [utils:execute] [DEBUG]- (0.000) SELECT engine FROM information_schema.tables WHERE table_name = 'auth_group'; args=['auth_group']
2015-11-16 14:26:48,476 [MainThread:140326897805056] [django.db.backends.schema:102] [schema:execute] [DEBUG]- CREATE TABLE `auth_group_permissions` (`id` integer AUTO_INCREMENT NOT NULL PRIMARY KEY, `group_id` integer NOT NULL, `permission_id` integer NOT NULL, UNIQUE (`group_id`, `permission_id`)); (params None)
2015-11-16 14:26:48,688 [MainThread:140326897805056] [django.db.backends:89] [utils:execute] [DEBUG]- (0.212) CREATE TABLE `auth_group_permissions` (`id` integer AUTO_INCREMENT NOT NULL PRIMARY KEY, `group_id` integer NOT NULL, `permission_id` integer NOT NULL, UNIQUE (`group_id`, `permission_id`)); args=None
2015-11-16 14:26:48,689 [MainThread:140326897805056] [django.db.backends:89] [utils:execute] [DEBUG]- (0.000) SELECT engine FROM information_schema.tables WHERE table_name = 'auth_group_permissions'; args=['auth_group_permissions']
2015-11-16 14:26:48,695 [MainThread:140326897805056] [django.db.backends.schema:102] [schema:execute] [DEBUG]- CREATE TABLE `auth_user` (`id` integer AUTO_INCREMENT NOT NULL PRIMARY KEY, `password` varchar(128) NOT NULL, `last_login` datetime NOT NULL, `is_superuser` bool NOT NULL, `username` varchar(30) NOT NULL UNIQUE, `first_name` varchar(30) NOT NULL, `last_name` varchar(30) NOT NULL, `email` varchar(75) NOT NULL, `is_staff` bool NOT NULL, `is_active` bool NOT NULL, `date_joined` datetime NOT NULL); (params None)
2015-11-16 14:26:48,916 [MainThread:140326897805056] [django.db.backends:89] [utils:execute] [DEBUG]- (0.220) CREATE TABLE `auth_user` (`id` integer AUTO_INCREMENT NOT NULL PRIMARY KEY, `password` varchar(128) NOT NULL, `last_login` datetime NOT NULL, `is_superuser` bool NOT NULL, `username` varchar(30) NOT NULL UNIQUE, `first_name` varchar(30) NOT NULL, `last_name` varchar(30) NOT NULL, `email` varchar(75) NOT NULL, `is_staff` bool NOT NULL, `is_active` bool NOT NULL, `date_joined` datetime NOT NULL); args=None
2015-11-16 14:26:48,916 [MainThread:140326897805056] [django.db.backends:89] [utils:execute] [DEBUG]- (0.000) SELECT engine FROM information_schema.tables WHERE table_name = 'auth_user'; args=['auth_user']
2015-11-16 14:26:48,917 [MainThread:140326897805056] [django.db.backends.schema:102] [schema:execute] [DEBUG]- CREATE TABLE `auth_user_groups` (`id` integer AUTO_INCREMENT NOT NULL PRIMARY KEY, `user_id` integer NOT NULL, `group_id` integer NOT NULL, UNIQUE (`user_id`, `group_id`)); (params None)
2015-11-16 14:26:49,141 [MainThread:140326897805056] [django.db.backends:89] [utils:execute] [DEBUG]- (0.224) CREATE TABLE `auth_user_groups` (`id` integer AUTO_INCREMENT NOT NULL PRIMARY KEY, `user_id` integer NOT NULL, `group_id` integer NOT NULL, UNIQUE (`user_id`, `group_id`)); args=None
2015-11-16 14:26:49,141 [MainThread:140326897805056] [django.db.backends:89] [utils:execute] [DEBUG]- (0.000) SELECT engine FROM information_schema.tables WHERE table_name = 'auth_user_groups'; args=['auth_user_groups']
2015-11-16 14:26:49,142 [MainThread:140326897805056] [django.db.backends.schema:102] [schema:execute] [DEBUG]- CREATE TABLE `auth_user_user_permissions` (`id` integer AUTO_INCREMENT NOT NULL PRIMARY KEY, `user_id` integer NOT NULL, `permission_id` integer NOT NULL, UNIQUE (`user_id`, `permission_id`)); (params None)
2015-11-16 14:26:49,393 [MainThread:140326897805056] [django.db.backends:89] [utils:execute] [DEBUG]- (0.252) CREATE TABLE `auth_user_user_permissions` (`id` integer AUTO_INCREMENT NOT NULL PRIMARY KEY, `user_id` integer NOT NULL, `permission_id` integer NOT NULL, UNIQUE (`user_id`, `permission_id`)); args=None
2015-11-16 14:26:49,394 [MainThread:140326897805056] [django.db.backends:89] [utils:execute] [DEBUG]- (0.001) SELECT engine FROM information_schema.tables WHERE table_name = 'auth_user_user_permissions'; args=['auth_user_user_permissions']
2015-11-16 14:26:49,394 [MainThread:140326897805056] [django.db.backends.schema:102] [schema:execute] [DEBUG]- ALTER TABLE `auth_permission` ADD CONSTRAINT `auth_p_content_type_id_d983c17bc41df1d_fk_django_content_type_id` FOREIGN KEY (`content_type_id`) REFERENCES `django_content_type` (`id`); (params [])
2015-11-16 14:26:49,926 [MainThread:140326897805056] [django.db.backends:89] [utils:execute] [DEBUG]- (0.531) ALTER TABLE `auth_permission` ADD CONSTRAINT `auth_p_content_type_id_d983c17bc41df1d_fk_django_content_type_id` FOREIGN KEY (`content_type_id`) REFERENCES `django_content_type` (`id`); args=[]
2015-11-16 14:26:49,926 [MainThread:140326897805056] [django.db.backends.schema:102] [schema:execute] [DEBUG]- ALTER TABLE `auth_group_permissions` ADD CONSTRAINT `auth_group_permission_group_id_770c2e567611a524_fk_auth_group_id` FOREIGN KEY (`group_id`) REFERENCES `auth_group` (`id`); (params [])
2015-11-16 14:26:50,419 [MainThread:140326897805056] [django.db.backends:89] [utils:execute] [DEBUG]- (0.493) ALTER TABLE `auth_group_permissions` ADD CONSTRAINT `auth_group_permission_group_id_770c2e567611a524_fk_auth_group_id` FOREIGN KEY (`group_id`) REFERENCES `auth_group` (`id`); args=[]
2015-11-16 14:26:50,420 [MainThread:140326897805056] [django.db.backends.schema:102] [schema:execute] [DEBUG]- ALTER TABLE `auth_group_permissions` ADD CONSTRAINT `auth_group_p_permission_id_c64182084749982_fk_auth_permission_id` FOREIGN KEY (`permission_id`) REFERENCES `auth_permission` (`id`); (params [])
2015-11-16 14:26:50,911 [MainThread:140326897805056] [django.db.backends:89] [utils:execute] [DEBUG]- (0.492) ALTER TABLE `auth_group_permissions` ADD CONSTRAINT `auth_group_p_permission_id_c64182084749982_fk_auth_permission_id` FOREIGN KEY (`permission_id`) REFERENCES `auth_permission` (`id`); args=[]
2015-11-16 14:26:50,911 [MainThread:140326897805056] [django.db.backends.schema:102] [schema:execute] [DEBUG]- ALTER TABLE `auth_user_groups` ADD CONSTRAINT `auth_user_groups_user_id_b903e565c10e0d8_fk_auth_user_id` FOREIGN KEY (`user_id`) REFERENCES `auth_user` (`id`); (params [])
2015-11-16 14:26:51,439 [MainThread:140326897805056] [django.db.backends:89] [utils:execute] [DEBUG]- (0.528) ALTER TABLE `auth_user_groups` ADD CONSTRAINT `auth_user_groups_user_id_b903e565c10e0d8_fk_auth_user_id` FOREIGN KEY (`user_id`) REFERENCES `auth_user` (`id`); args=[]
2015-11-16 14:26:51,440 [MainThread:140326897805056] [django.db.backends.schema:102] [schema:execute] [DEBUG]- ALTER TABLE `auth_user_groups` ADD CONSTRAINT `auth_user_groups_group_id_77ebfac89c2c59a3_fk_auth_group_id` FOREIGN KEY (`group_id`) REFERENCES `auth_group` (`id`); (params [])
2015-11-16 14:26:51,901 [MainThread:140326897805056] [django.db.backends:89] [utils:execute] [DEBUG]- (0.461) ALTER TABLE `auth_user_groups` ADD CONSTRAINT `auth_user_groups_group_id_77ebfac89c2c59a3_fk_auth_group_id` FOREIGN KEY (`group_id`) REFERENCES `auth_group` (`id`); args=[]
2015-11-16 14:26:51,901 [MainThread:140326897805056] [django.db.backends.schema:102] [schema:execute] [DEBUG]- ALTER TABLE `auth_user_user_permissions` ADD CONSTRAINT `auth_user_user_permissio_user_id_98cde648e606e8c_fk_auth_user_id` FOREIGN KEY (`user_id`) REFERENCES `auth_user` (`id`); (params [])
2015-11-16 14:26:52,337 [MainThread:140326897805056] [django.db.backends:89] [utils:execute] [DEBUG]- (0.436) ALTER TABLE `auth_user_user_permissions` ADD CONSTRAINT `auth_user_user_permissio_user_id_98cde648e606e8c_fk_auth_user_id` FOREIGN KEY (`user_id`) REFERENCES `auth_user` (`id`); args=[]
2015-11-16 14:26:52,338 [MainThread:140326897805056] [django.db.backends.schema:102] [schema:execute] [DEBUG]- ALTER TABLE `auth_user_user_permissions` ADD CONSTRAINT `auth_user_u_permission_id_699cfba7c96a8363_fk_auth_permission_id` FOREIGN KEY (`permission_id`) REFERENCES `auth_permission` (`id`); (params [])
2015-11-16 14:26:52,850 [MainThread:140326897805056] [django.db.backends:89] [utils:execute] [DEBUG]- (0.512) ALTER TABLE `auth_user_user_permissions` ADD CONSTRAINT `auth_user_u_permission_id_699cfba7c96a8363_fk_auth_permission_id` FOREIGN KEY (`permission_id`) REFERENCES `auth_permission` (`id`); args=[]
2015-11-16 14:26:52,851 [MainThread:140326897805056] [django.db.backends:89] [utils:execute] [DEBUG]- (0.001) SHOW FULL TABLES; args=None
2015-11-16 14:26:52,851 [MainThread:140326897805056] [django.db.backends:89] [utils:execute] [DEBUG]- (0.000) INSERT INTO `django_migrations` (`app`, `name`, `applied`) VALUES ('auth', '0001_initial', '2015-11-16 06:26:52'); args=['auth', '0001_initial', '2015-11-16 06:26:52']
2015-11-16 14:26:52,908 [MainThread:140326897805056] [django.db.backends.schema:102] [schema:execute] [DEBUG]- CREATE TABLE `django_admin_log` (`id` integer AUTO_INCREMENT NOT NULL PRIMARY KEY, `action_time` datetime NOT NULL, `object_id` longtext NULL, `object_repr` varchar(200) NOT NULL, `action_flag` smallint UNSIGNED NOT NULL, `change_message` longtext NOT NULL, `content_type_id` integer NULL, `user_id` integer NOT NULL); (params None)
2015-11-16 14:26:53,111 [MainThread:140326897805056] [django.db.backends:89] [utils:execute] [DEBUG]- (0.203) CREATE TABLE `django_admin_log` (`id` integer AUTO_INCREMENT NOT NULL PRIMARY KEY, `action_time` datetime NOT NULL, `object_id` longtext NULL, `object_repr` varchar(200) NOT NULL, `action_flag` smallint UNSIGNED NOT NULL, `change_message` longtext NOT NULL, `content_type_id` integer NULL, `user_id` integer NOT NULL); args=None
2015-11-16 14:26:53,112 [MainThread:140326897805056] [django.db.backends:89] [utils:execute] [DEBUG]- (0.000) SELECT engine FROM information_schema.tables WHERE table_name = 'django_admin_log'; args=['django_admin_log']
2015-11-16 14:26:53,112 [MainThread:140326897805056] [django.db.backends.schema:102] [schema:execute] [DEBUG]- ALTER TABLE `django_admin_log` ADD CONSTRAINT `djang_content_type_id_226ecb9517cef076_fk_django_content_type_id` FOREIGN KEY (`content_type_id`) REFERENCES `django_content_type` (`id`); (params [])
2015-11-16 14:26:53,598 [MainThread:140326897805056] [django.db.backends:89] [utils:execute] [DEBUG]- (0.486) ALTER TABLE `django_admin_log` ADD CONSTRAINT `djang_content_type_id_226ecb9517cef076_fk_django_content_type_id` FOREIGN KEY (`content_type_id`) REFERENCES `django_content_type` (`id`); args=[]
2015-11-16 14:26:53,598 [MainThread:140326897805056] [django.db.backends.schema:102] [schema:execute] [DEBUG]- ALTER TABLE `django_admin_log` ADD CONSTRAINT `django_admin_log_user_id_6b69aeb99de04baa_fk_auth_user_id` FOREIGN KEY (`user_id`) REFERENCES `auth_user` (`id`); (params [])
2015-11-16 14:26:54,069 [MainThread:140326897805056] [django.db.backends:89] [utils:execute] [DEBUG]- (0.470) ALTER TABLE `django_admin_log` ADD CONSTRAINT `django_admin_log_user_id_6b69aeb99de04baa_fk_auth_user_id` FOREIGN KEY (`user_id`) REFERENCES `auth_user` (`id`); args=[]
2015-11-16 14:26:54,070 [MainThread:140326897805056] [django.db.backends:89] [utils:execute] [DEBUG]- (0.001) SHOW FULL TABLES; args=None
2015-11-16 14:26:54,070 [MainThread:140326897805056] [django.db.backends:89] [utils:execute] [DEBUG]- (0.000) INSERT INTO `django_migrations` (`app`, `name`, `applied`) VALUES ('admin', '0001_initial', '2015-11-16 06:26:54'); args=['admin', '0001_initial', '2015-11-16 06:26:54']
2015-11-16 14:26:54,110 [MainThread:140326897805056] [django.db.backends.schema:102] [schema:execute] [DEBUG]- ALTER TABLE `django_content_type` MODIFY `name` varchar(100) NULL; (params [])
2015-11-16 14:26:54,486 [MainThread:140326897805056] [django.db.backends:89] [utils:execute] [DEBUG]- (0.376) ALTER TABLE `django_content_type` MODIFY `name` varchar(100) NULL; args=[]
2015-11-16 14:26:54,495 [MainThread:140326897805056] [django.db.backends.schema:102] [schema:execute] [DEBUG]- ALTER TABLE `django_content_type` DROP COLUMN `name` CASCADE; (params [])
2015-11-16 14:26:54,861 [MainThread:140326897805056] [django.db.backends:89] [utils:execute] [DEBUG]- (0.365) ALTER TABLE `django_content_type` DROP COLUMN `name` CASCADE; args=[]
2015-11-16 14:26:54,862 [MainThread:140326897805056] [django.db.backends:89] [utils:execute] [DEBUG]- (0.001) SHOW FULL TABLES; args=None
2015-11-16 14:26:54,862 [MainThread:140326897805056] [django.db.backends:89] [utils:execute] [DEBUG]- (0.000) INSERT INTO `django_migrations` (`app`, `name`, `applied`) VALUES ('contenttypes', '0002_remove_content_type_name', '2015-11-16 06:26:54'); args=['contenttypes', '0002_remove_content_type_name', '2015-11-16 06:26:54']
2015-11-16 14:26:54,895 [MainThread:140326897805056] [django.db.backends.schema:102] [schema:execute] [DEBUG]- ALTER TABLE `auth_permission` MODIFY `name` varchar(255) NOT NULL; (params [])
2015-11-16 14:26:55,415 [MainThread:140326897805056] [django.db.backends:89] [utils:execute] [DEBUG]- (0.521) ALTER TABLE `auth_permission` MODIFY `name` varchar(255) NOT NULL; args=[]
2015-11-16 14:26:55,416 [MainThread:140326897805056] [django.db.backends:89] [utils:execute] [DEBUG]- (0.001) SHOW FULL TABLES; args=None
2015-11-16 14:26:55,417 [MainThread:140326897805056] [django.db.backends:89] [utils:execute] [DEBUG]- (0.000) INSERT INTO `django_migrations` (`app`, `name`, `applied`) VALUES ('auth', '0002_alter_permission_name_max_length', '2015-11-16 06:26:55'); args=['auth', '0002_alter_permission_name_max_length', '2015-11-16 06:26:55']
2015-11-16 14:26:55,451 [MainThread:140326897805056] [django.db.backends.schema:102] [schema:execute] [DEBUG]- ALTER TABLE `auth_user` MODIFY `email` varchar(254) NOT NULL; (params [])
2015-11-16 14:26:55,968 [MainThread:140326897805056] [django.db.backends:89] [utils:execute] [DEBUG]- (0.517) ALTER TABLE `auth_user` MODIFY `email` varchar(254) NOT NULL; args=[]
2015-11-16 14:26:55,969 [MainThread:140326897805056] [django.db.backends:89] [utils:execute] [DEBUG]- (0.001) SHOW FULL TABLES; args=None
2015-11-16 14:26:55,970 [MainThread:140326897805056] [django.db.backends:89] [utils:execute] [DEBUG]- (0.000) INSERT INTO `django_migrations` (`app`, `name`, `applied`) VALUES ('auth', '0003_alter_user_email_max_length', '2015-11-16 06:26:55'); args=['auth', '0003_alter_user_email_max_length', '2015-11-16 06:26:55']
2015-11-16 14:26:56,003 [MainThread:140326897805056] [django.db.backends:89] [utils:execute] [DEBUG]- (0.001) SHOW FULL TABLES; args=None
2015-11-16 14:26:56,004 [MainThread:140326897805056] [django.db.backends:89] [utils:execute] [DEBUG]- (0.000) INSERT INTO `django_migrations` (`app`, `name`, `applied`) VALUES ('auth', '0004_alter_user_username_opts', '2015-11-16 06:26:56'); args=['auth', '0004_alter_user_username_opts', '2015-11-16 06:26:56']
2015-11-16 14:26:56,037 [MainThread:140326897805056] [django.db.backends.schema:102] [schema:execute] [DEBUG]- ALTER TABLE `auth_user` MODIFY `last_login` datetime NULL; (params [])
2015-11-16 14:26:56,404 [MainThread:140326897805056] [django.db.backends:89] [utils:execute] [DEBUG]- (0.367) ALTER TABLE `auth_user` MODIFY `last_login` datetime NULL; args=[]
2015-11-16 14:26:56,405 [MainThread:140326897805056] [django.db.backends:89] [utils:execute] [DEBUG]- (0.001) SHOW FULL TABLES; args=None
2015-11-16 14:26:56,406 [MainThread:140326897805056] [django.db.backends:89] [utils:execute] [DEBUG]- (0.000) INSERT INTO `django_migrations` (`app`, `name`, `applied`) VALUES ('auth', '0005_alter_user_last_login_null', '2015-11-16 06:26:56'); args=['auth', '0005_alter_user_last_login_null', '2015-11-16 06:26:56']
2015-11-16 14:26:56,431 [MainThread:140326897805056] [django.db.backends:89] [utils:execute] [DEBUG]- (0.001) SHOW FULL TABLES; args=None
2015-11-16 14:26:56,432 [MainThread:140326897805056] [django.db.backends:89] [utils:execute] [DEBUG]- (0.000) INSERT INTO `django_migrations` (`app`, `name`, `applied`) VALUES ('auth', '0006_require_contenttypes_0002', '2015-11-16 06:26:56'); args=['auth', '0006_require_contenttypes_0002', '2015-11-16 06:26:56']
2015-11-16 14:26:56,459 [MainThread:140326897805056] [django.db.backends.schema:102] [schema:execute] [DEBUG]- CREATE TABLE `django_session` (`session_key` varchar(40) NOT NULL PRIMARY KEY, `session_data` longtext NOT NULL, `expire_date` datetime NOT NULL); (params None)
2015-11-16 14:26:56,653 [MainThread:140326897805056] [django.db.backends:89] [utils:execute] [DEBUG]- (0.194) CREATE TABLE `django_session` (`session_key` varchar(40) NOT NULL PRIMARY KEY, `session_data` longtext NOT NULL, `expire_date` datetime NOT NULL); args=None
2015-11-16 14:26:56,654 [MainThread:140326897805056] [django.db.backends:89] [utils:execute] [DEBUG]- (0.000) SELECT engine FROM information_schema.tables WHERE table_name = 'django_session'; args=['django_session']
2015-11-16 14:26:56,654 [MainThread:140326897805056] [django.db.backends.schema:102] [schema:execute] [DEBUG]- CREATE INDEX `django_session_de54fa62` ON `django_session` (`expire_date`); (params [])
2015-11-16 14:26:56,840 [MainThread:140326897805056] [django.db.backends:89] [utils:execute] [DEBUG]- (0.185) CREATE INDEX `django_session_de54fa62` ON `django_session` (`expire_date`); args=[]
2015-11-16 14:26:56,841 [MainThread:140326897805056] [django.db.backends:89] [utils:execute] [DEBUG]- (0.001) SHOW FULL TABLES; args=None
2015-11-16 14:26:56,842 [MainThread:140326897805056] [django.db.backends:89] [utils:execute] [DEBUG]- (0.000) INSERT INTO `django_migrations` (`app`, `name`, `applied`) VALUES ('sessions', '0001_initial', '2015-11-16 06:26:56'); args=['sessions', '0001_initial', '2015-11-16 06:26:56']
2015-11-16 14:26:56,866 [MainThread:140326897805056] [django.db.backends:89] [utils:execute] [DEBUG]- (0.001) SHOW FULL TABLES; args=None
2015-11-16 14:26:56,867 [MainThread:140326897805056] [django.db.backends:89] [utils:execute] [DEBUG]- (0.000) SELECT `django_migrations`.`app`, `django_migrations`.`name` FROM `django_migrations`; args=()
2015-11-16 14:26:56,868 [MainThread:140326897805056] [django.db.backends:89] [utils:execute] [DEBUG]- (0.000) SELECT `django_content_type`.`id`, `django_content_type`.`app_label`, `django_content_type`.`model` FROM `django_content_type` WHERE (`django_content_type`.`model` = 'logentry' AND `django_content_type`.`app_label` = 'admin'); args=('logentry', 'admin')
2015-11-16 14:26:56,869 [MainThread:140326897805056] [django.db.backends:89] [utils:execute] [DEBUG]- (0.000) SELECT `django_content_type`.`id`, `django_content_type`.`app_label`, `django_content_type`.`model` FROM `django_content_type` WHERE (`django_content_type`.`model` = 'logentry' AND `django_content_type`.`app_label` = 'admin'); args=('logentry', 'admin')
2015-11-16 14:26:56,869 [MainThread:140326897805056] [django.db.backends:89] [utils:execute] [DEBUG]- (0.000) INSERT INTO `django_content_type` (`app_label`, `model`) VALUES ('admin', 'logentry'); args=['admin', 'logentry']
2015-11-16 14:26:56,941 [MainThread:140326897805056] [django.db.backends:89] [utils:execute] [DEBUG]- (0.001) SELECT `auth_permission`.`content_type_id`, `auth_permission`.`codename` FROM `auth_permission` INNER JOIN `django_content_type` ON ( `auth_permission`.`content_type_id` = `django_content_type`.`id` ) WHERE `auth_permission`.`content_type_id` IN (1) ORDER BY `django_content_type`.`app_label` ASC, `django_content_type`.`model` ASC, `auth_permission`.`codename` ASC; args=(1,)
2015-11-16 14:26:56,942 [MainThread:140326897805056] [django.db.backends:89] [utils:execute] [DEBUG]- (0.000) INSERT INTO `auth_permission` (`name`, `content_type_id`, `codename`) VALUES ('Can add log entry', 1, 'add_logentry'), ('Can change log entry', 1, 'change_logentry'), ('Can delete log entry', 1, 'delete_logentry'); args=('Can add log entry', 1, 'add_logentry', 'Can change log entry', 1, 'change_logentry', 'Can delete log entry', 1, 'delete_logentry')
2015-11-16 14:26:56,974 [MainThread:140326897805056] [django.db.backends:89] [utils:execute] [DEBUG]- (0.000) SELECT `django_content_type`.`id`, `django_content_type`.`app_label`, `django_content_type`.`model` FROM `django_content_type` WHERE `django_content_type`.`app_label` = 'admin'; args=('admin',)
2015-11-16 14:26:56,975 [MainThread:140326897805056] [django.db.backends:89] [utils:execute] [DEBUG]- (0.000) SELECT `django_content_type`.`id`, `django_content_type`.`app_label`, `django_content_type`.`model` FROM `django_content_type` WHERE (`django_content_type`.`model` = 'permission' AND `django_content_type`.`app_label` = 'auth'); args=('permission', 'auth')
2015-11-16 14:26:56,976 [MainThread:140326897805056] [django.db.backends:89] [utils:execute] [DEBUG]- (0.000) SELECT `django_content_type`.`id`, `django_content_type`.`app_label`, `django_content_type`.`model` FROM `django_content_type` WHERE (`django_content_type`.`model` = 'permission' AND `django_content_type`.`app_label` = 'auth'); args=('permission', 'auth')
2015-11-16 14:26:56,977 [MainThread:140326897805056] [django.db.backends:89] [utils:execute] [DEBUG]- (0.000) INSERT INTO `django_content_type` (`app_label`, `model`) VALUES ('auth', 'permission'); args=['auth', 'permission']
2015-11-16 14:26:57,028 [MainThread:140326897805056] [django.db.backends:89] [utils:execute] [DEBUG]- (0.000) SELECT `django_content_type`.`id`, `django_content_type`.`app_label`, `django_content_type`.`model` FROM `django_content_type` WHERE (`django_content_type`.`model` = 'group' AND `django_content_type`.`app_label` = 'auth'); args=('group', 'auth')
2015-11-16 14:26:57,029 [MainThread:140326897805056] [django.db.backends:89] [utils:execute] [DEBUG]- (0.000) SELECT `django_content_type`.`id`, `django_content_type`.`app_label`, `django_content_type`.`model` FROM `django_content_type` WHERE (`django_content_type`.`model` = 'group' AND `django_content_type`.`app_label` = 'auth'); args=('group', 'auth')
2015-11-16 14:26:57,030 [MainThread:140326897805056] [django.db.backends:89] [utils:execute] [DEBUG]- (0.000) INSERT INTO `django_content_type` (`app_label`, `model`) VALUES ('auth', 'group'); args=['auth', 'group']
2015-11-16 14:26:57,078 [MainThread:140326897805056] [django.db.backends:89] [utils:execute] [DEBUG]- (0.000) SELECT `django_content_type`.`id`, `django_content_type`.`app_label`, `django_content_type`.`model` FROM `django_content_type` WHERE (`django_content_type`.`model` = 'user' AND `django_content_type`.`app_label` = 'auth'); args=('user', 'auth')
2015-11-16 14:26:57,079 [MainThread:140326897805056] [django.db.backends:89] [utils:execute] [DEBUG]- (0.000) SELECT `django_content_type`.`id`, `django_content_type`.`app_label`, `django_content_type`.`model` FROM `django_content_type` WHERE (`django_content_type`.`model` = 'user' AND `django_content_type`.`app_label` = 'auth'); args=('user', 'auth')
2015-11-16 14:26:57,080 [MainThread:140326897805056] [django.db.backends:89] [utils:execute] [DEBUG]- (0.000) INSERT INTO `django_content_type` (`app_label`, `model`) VALUES ('auth', 'user'); args=['auth', 'user']
2015-11-16 14:26:57,104 [MainThread:140326897805056] [django.db.backends:89] [utils:execute] [DEBUG]- (0.000) SELECT `auth_permission`.`content_type_id`, `auth_permission`.`codename` FROM `auth_permission` INNER JOIN `django_content_type` ON ( `auth_permission`.`content_type_id` = `django_content_type`.`id` ) WHERE `auth_permission`.`content_type_id` IN (2, 3, 4) ORDER BY `django_content_type`.`app_label` ASC, `django_content_type`.`model` ASC, `auth_permission`.`codename` ASC; args=(2, 3, 4)
2015-11-16 14:26:57,105 [MainThread:140326897805056] [django.db.backends:89] [utils:execute] [DEBUG]- (0.000) INSERT INTO `auth_permission` (`name`, `content_type_id`, `codename`) VALUES ('Can add permission', 2, 'add_permission'), ('Can change permission', 2, 'change_permission'), ('Can delete permission', 2, 'delete_permission'), ('Can add group', 3, 'add_group'), ('Can change group', 3, 'change_group'), ('Can delete group', 3, 'delete_group'), ('Can add user', 4, 'add_user'), ('Can change user', 4, 'change_user'), ('Can delete user', 4, 'delete_user'); args=('Can add permission', 2, 'add_permission', 'Can change permission', 2, 'change_permission', 'Can delete permission', 2, 'delete_permission', 'Can add group', 3, 'add_group', 'Can change group', 3, 'change_group', 'Can delete group', 3, 'delete_group', 'Can add user', 4, 'add_user', 'Can change user', 4, 'change_user', 'Can delete user', 4, 'delete_user')
2015-11-16 14:26:57,129 [MainThread:140326897805056] [django.db.backends:89] [utils:execute] [DEBUG]- (0.000) SELECT `django_content_type`.`id`, `django_content_type`.`app_label`, `django_content_type`.`model` FROM `django_content_type` WHERE `django_content_type`.`app_label` = 'auth'; args=('auth',)
2015-11-16 14:26:57,130 [MainThread:140326897805056] [django.db.backends:89] [utils:execute] [DEBUG]- (0.000) SELECT `django_content_type`.`id`, `django_content_type`.`app_label`, `django_content_type`.`model` FROM `django_content_type` WHERE (`django_content_type`.`model` = 'contenttype' AND `django_content_type`.`app_label` = 'contenttypes'); args=('contenttype', 'contenttypes')
2015-11-16 14:26:57,130 [MainThread:140326897805056] [django.db.backends:89] [utils:execute] [DEBUG]- (0.000) SELECT `django_content_type`.`id`, `django_content_type`.`app_label`, `django_content_type`.`model` FROM `django_content_type` WHERE (`django_content_type`.`model` = 'contenttype' AND `django_content_type`.`app_label` = 'contenttypes'); args=('contenttype', 'contenttypes')
2015-11-16 14:26:57,131 [MainThread:140326897805056] [django.db.backends:89] [utils:execute] [DEBUG]- (0.000) INSERT INTO `django_content_type` (`app_label`, `model`) VALUES ('contenttypes', 'contenttype'); args=['contenttypes', 'contenttype']
2015-11-16 14:26:57,157 [MainThread:140326897805056] [django.db.backends:89] [utils:execute] [DEBUG]- (0.000) SELECT `auth_permission`.`content_type_id`, `auth_permission`.`codename` FROM `auth_permission` INNER JOIN `django_content_type` ON ( `auth_permission`.`content_type_id` = `django_content_type`.`id` ) WHERE `auth_permission`.`content_type_id` IN (5) ORDER BY `django_content_type`.`app_label` ASC, `django_content_type`.`model` ASC, `auth_permission`.`codename` ASC; args=(5,)
2015-11-16 14:26:57,157 [MainThread:140326897805056] [django.db.backends:89] [utils:execute] [DEBUG]- (0.000) INSERT INTO `auth_permission` (`name`, `content_type_id`, `codename`) VALUES ('Can add content type', 5, 'add_contenttype'), ('Can change content type', 5, 'change_contenttype'), ('Can delete content type', 5, 'delete_contenttype'); args=('Can add content type', 5, 'add_contenttype', 'Can change content type', 5, 'change_contenttype', 'Can delete content type', 5, 'delete_contenttype')
2015-11-16 14:26:57,190 [MainThread:140326897805056] [django.db.backends:89] [utils:execute] [DEBUG]- (0.000) SELECT `django_content_type`.`id`, `django_content_type`.`app_label`, `django_content_type`.`model` FROM `django_content_type` WHERE `django_content_type`.`app_label` = 'contenttypes'; args=('contenttypes',)
2015-11-16 14:26:57,191 [MainThread:140326897805056] [django.db.backends:89] [utils:execute] [DEBUG]- (0.000) SELECT `django_content_type`.`id`, `django_content_type`.`app_label`, `django_content_type`.`model` FROM `django_content_type` WHERE (`django_content_type`.`model` = 'session' AND `django_content_type`.`app_label` = 'sessions'); args=('session', 'sessions')
2015-11-16 14:26:57,192 [MainThread:140326897805056] [django.db.backends:89] [utils:execute] [DEBUG]- (0.000) SELECT `django_content_type`.`id`, `django_content_type`.`app_label`, `django_content_type`.`model` FROM `django_content_type` WHERE (`django_content_type`.`model` = 'session' AND `django_content_type`.`app_label` = 'sessions'); args=('session', 'sessions')
2015-11-16 14:26:57,193 [MainThread:140326897805056] [django.db.backends:89] [utils:execute] [DEBUG]- (0.000) INSERT INTO `django_content_type` (`app_label`, `model`) VALUES ('sessions', 'session'); args=['sessions', 'session']
2015-11-16 14:26:57,216 [MainThread:140326897805056] [django.db.backends:89] [utils:execute] [DEBUG]- (0.000) SELECT `auth_permission`.`content_type_id`, `auth_permission`.`codename` FROM `auth_permission` INNER JOIN `django_content_type` ON ( `auth_permission`.`content_type_id` = `django_content_type`.`id` ) WHERE `auth_permission`.`content_type_id` IN (6) ORDER BY `django_content_type`.`app_label` ASC, `django_content_type`.`model` ASC, `auth_permission`.`codename` ASC; args=(6,)
2015-11-16 14:26:57,217 [MainThread:140326897805056] [django.db.backends:89] [utils:execute] [DEBUG]- (0.000) INSERT INTO `auth_permission` (`name`, `content_type_id`, `codename`) VALUES ('Can add session', 6, 'add_session'), ('Can change session', 6, 'change_session'), ('Can delete session', 6, 'delete_session'); args=('Can add session', 6, 'add_session', 'Can change session', 6, 'change_session', 'Can delete session', 6, 'delete_session')
2015-11-16 14:26:57,241 [MainThread:140326897805056] [django.db.backends:89] [utils:execute] [DEBUG]- (0.000) SELECT `django_content_type`.`id`, `django_content_type`.`app_label`, `django_content_type`.`model` FROM `django_content_type` WHERE `django_content_type`.`app_label` = 'sessions'; args=('sessions',)
2015-11-16 14:27:39,878 [Dummy-1:139888439850752] [django.db.backends:89] [utils:execute] [DEBUG]- (0.000) SET SQL_AUTO_IS_NULL = 0; args=None
2015-11-16 14:27:39,886 [Dummy-1:139888439850752] [django.db.backends:89] [utils:execute] [DEBUG]- (0.000) SET SQL_AUTO_IS_NULL = 0; args=None
2015-11-16 14:27:39,887 [Dummy-1:139888439850752] [django.db.backends:89] [utils:execute] [DEBUG]- (0.001) SHOW FULL TABLES; args=None
2015-11-16 14:27:39,889 [Dummy-1:139888439850752] [django.db.backends:89] [utils:execute] [DEBUG]- (0.000) SELECT `django_migrations`.`app`, `django_migrations`.`name` FROM `django_migrations`; args=()
2015-11-16 14:43:03,272 [Dummy-1:139679236318976] [django.db.backends:89] [utils:execute] [DEBUG]- (0.000) SET SQL_AUTO_IS_NULL = 0; args=None
2015-11-16 14:43:03,280 [Dummy-1:139679236318976] [django.db.backends:89] [utils:execute] [DEBUG]- (0.000) SET SQL_AUTO_IS_NULL = 0; args=None
2015-11-16 14:43:03,281 [Dummy-1:139679236318976] [django.db.backends:89] [utils:execute] [DEBUG]- (0.001) SHOW FULL TABLES; args=None
2015-11-16 14:43:03,282 [Dummy-1:139679236318976] [django.db.backends:89] [utils:execute] [DEBUG]- (0.000) SELECT `django_migrations`.`app`, `django_migrations`.`name` FROM `django_migrations`; args=()
2015-11-16 15:35:15,668 [Dummy-1:3484] [django.db.backends:89] [utils:execute] [DEBUG]- (0.000) SET SQL_AUTO_IS_NULL = 0; args=None
2015-11-16 15:35:15,687 [Dummy-1:3484] [django.db.backends:89] [utils:execute] [DEBUG]- (0.001) SET SQL_AUTO_IS_NULL = 0; args=None
2015-11-16 15:35:15,689 [Dummy-1:3484] [django.db.backends:89] [utils:execute] [DEBUG]- (0.002) SHOW FULL TABLES; args=None
2015-11-16 15:35:15,692 [Dummy-1:3484] [django.db.backends:89] [utils:execute] [DEBUG]- (0.001) SELECT `django_migrations`.`app`, `django_migrations`.`name` FROM `django_migrations`; args=()
2015-11-16 16:23:39,845 [Dummy-1:3860] [django.db.backends:89] [utils:execute] [DEBUG]- (0.002) SET SQL_AUTO_IS_NULL = 0; args=None
2015-11-16 16:23:39,864 [Dummy-1:3860] [django.db.backends:89] [utils:execute] [DEBUG]- (0.000) SET SQL_AUTO_IS_NULL = 0; args=None
2015-11-16 16:23:39,866 [Dummy-1:3860] [django.db.backends:89] [utils:execute] [DEBUG]- (0.001) SHOW FULL TABLES; args=None
2015-11-16 16:23:39,866 [Dummy-1:3860] [django.db.backends.schema:102] [schema:execute] [DEBUG]- CREATE TABLE `django_migrations` (`id` integer AUTO_INCREMENT NOT NULL PRIMARY KEY, `app` varchar(255) NOT NULL, `name` varchar(255) NOT NULL, `applied` datetime NOT NULL); (params None)
2015-11-16 16:23:40,060 [Dummy-1:3860] [django.db.backends:89] [utils:execute] [DEBUG]- (0.193) CREATE TABLE `django_migrations` (`id` integer AUTO_INCREMENT NOT NULL PRIMARY KEY, `app` varchar(255) NOT NULL, `name` varchar(255) NOT NULL, `applied` datetime NOT NULL); args=None
2015-11-16 16:23:40,062 [Dummy-1:3860] [django.db.backends:89] [utils:execute] [DEBUG]- (0.002) SELECT engine FROM information_schema.tables WHERE table_name = 'django_migrations'; args=['django_migrations']
2015-11-16 16:23:40,065 [Dummy-1:3860] [django.db.backends:89] [utils:execute] [DEBUG]- (0.001) SELECT `django_migrations`.`app`, `django_migrations`.`name` FROM `django_migrations`; args=()
2015-11-16 17:25:43,947 [Dummy-1:4516] [django.db.backends:89] [utils:execute] [DEBUG]- (0.000) SET SQL_AUTO_IS_NULL = 0; args=None
2015-11-16 17:25:43,967 [Dummy-1:4516] [django.db.backends:89] [utils:execute] [DEBUG]- (0.001) SET SQL_AUTO_IS_NULL = 0; args=None
2015-11-16 17:25:43,969 [Dummy-1:4516] [django.db.backends:89] [utils:execute] [DEBUG]- (0.002) SHOW FULL TABLES; args=None
2015-11-16 17:25:43,972 [Dummy-1:4516] [django.db.backends:89] [utils:execute] [DEBUG]- (0.001) SELECT `django_migrations`.`app`, `django_migrations`.`name` FROM `django_migrations`; args=()
2015-11-21 14:39:07,416 [Dummy-1:3440] [django.db.backends:89] [utils:execute] [DEBUG]- (0.001) SET SQL_AUTO_IS_NULL = 0; args=None
2015-11-21 14:39:07,434 [Dummy-1:3440] [django.db.backends:89] [utils:execute] [DEBUG]- (0.003) SHOW FULL TABLES; args=None
2015-11-21 14:39:07,438 [Dummy-1:3440] [django.db.backends:89] [utils:execute] [DEBUG]- (0.001) SELECT `django_migrations`.`app`, `django_migrations`.`name` FROM `django_migrations`; args=()
2015-11-21 14:41:03,599 [Dummy-1:9176] [django.db.backends:89] [utils:execute] [DEBUG]- (0.000) SET SQL_AUTO_IS_NULL = 0; args=None
2015-11-21 14:41:03,602 [Dummy-1:9176] [django.db.backends:89] [utils:execute] [DEBUG]- (0.002) SHOW FULL TABLES; args=None
2015-11-21 14:41:03,606 [Dummy-1:9176] [django.db.backends:89] [utils:execute] [DEBUG]- (0.002) SELECT `django_migrations`.`app`, `django_migrations`.`name` FROM `django_migrations`; args=()
2015-11-21 14:47:57,839 [Dummy-1:11188] [django.db.backends:89] [utils:execute] [DEBUG]- (0.001) SET SQL_AUTO_IS_NULL = 0; args=None
2015-11-21 14:47:57,842 [Dummy-1:11188] [django.db.backends:89] [utils:execute] [DEBUG]- (0.002) SHOW FULL TABLES; args=None
2015-11-21 14:47:57,847 [Dummy-1:11188] [django.db.backends:89] [utils:execute] [DEBUG]- (0.003) SELECT `django_migrations`.`app`, `django_migrations`.`name` FROM `django_migrations`; args=()
2015-11-21 14:48:10,498 [Dummy-1:4196] [django.db.backends:89] [utils:execute] [DEBUG]- (0.001) SET SQL_AUTO_IS_NULL = 0; args=None
2015-11-21 14:48:10,518 [Dummy-1:4196] [django.db.backends:89] [utils:execute] [DEBUG]- (0.001) SET SQL_AUTO_IS_NULL = 0; args=None
2015-11-21 14:48:10,520 [Dummy-1:4196] [django.db.backends:89] [utils:execute] [DEBUG]- (0.002) SHOW FULL TABLES; args=None
2015-11-21 14:48:10,523 [Dummy-1:4196] [django.db.backends:89] [utils:execute] [DEBUG]- (0.001) SELECT `django_migrations`.`app`, `django_migrations`.`name` FROM `django_migrations`; args=()
